[2025-05-27 20:22:28,559: INFO: style1_handle_missing_values: Executing Missing Value handling strategy!]
[2025-05-27 20:22:28,562: INFO: style1_handle_missing_values: /n Dropping missing values using method={self.method}]
[2025-05-27 20:22:28,592: INFO: style1_handle_missing_values: Missing Values Filled!]
[2025-05-27 20:30:58,001: INFO: style1_handle_missing_values: Executing Missing Value handling strategy!]
[2025-05-27 20:30:58,012: INFO: style1_handle_missing_values: /n Dropping missing values using method={self.method}]
[2025-05-27 20:30:58,203: INFO: style1_handle_missing_values: Missing Values Filled!]
[2025-05-28 17:05:38,653: INFO: style1_handle_missing_values: Executing Missing Value handling strategy!]
[2025-05-28 17:05:38,659: INFO: style1_handle_missing_values: /n Dropping missing values using method={self.method}]
[2025-05-28 17:05:38,692: INFO: style1_handle_missing_values: Missing Values Filled!]
[2025-05-28 17:46:05,443: INFO: style5_binary_classes: Executing target binarization...]
[2025-05-28 17:51:40,116: INFO: style5_binary_classes: Executing target binarization...]
[2025-05-28 17:58:46,742: INFO: style5_binary_classes: Executing target binarization...]
[2025-05-28 18:05:53,523: INFO: style5_binary_classes: Executing target binarization...]
[2025-05-28 18:14:10,494: INFO: style5_binary_classes: Executing target binarization...]
[2025-05-28 18:14:43,662: INFO: style5_binary_classes: Executing target binarization...]
[2025-05-28 18:21:55,227: INFO: style5_binary_classes: Executing target binarization...]
[2025-05-28 18:37:03,297: INFO: style5_binary_classes: Executing target binarization...]
[2025-05-28 18:37:03,487: INFO: style5_binary_classes: Binarized target using median split (threshold=2.26)]
[2025-05-28 18:59:43,175: INFO: style5_binary_classes: Executing target binarization...]
[2025-05-28 18:59:43,189: INFO: style5_binary_classes: Binarized target using median split (threshold=2.26)]
[2025-05-29 05:15:07,238: INFO: category: Using categorical units to plot a list of strings that are all parsable as floats or dates. If these strings should be plotted as numbers, cast to the appropriate data type before plotting.]
[2025-05-29 05:15:07,264: INFO: category: Using categorical units to plot a list of strings that are all parsable as floats or dates. If these strings should be plotted as numbers, cast to the appropriate data type before plotting.]
[2025-05-29 05:18:53,313: INFO: category: Using categorical units to plot a list of strings that are all parsable as floats or dates. If these strings should be plotted as numbers, cast to the appropriate data type before plotting.]
[2025-05-29 05:18:53,337: INFO: category: Using categorical units to plot a list of strings that are all parsable as floats or dates. If these strings should be plotted as numbers, cast to the appropriate data type before plotting.]
[2025-05-29 05:21:54,076: INFO: category: Using categorical units to plot a list of strings that are all parsable as floats or dates. If these strings should be plotted as numbers, cast to the appropriate data type before plotting.]
[2025-05-29 05:21:54,101: INFO: category: Using categorical units to plot a list of strings that are all parsable as floats or dates. If these strings should be plotted as numbers, cast to the appropriate data type before plotting.]
[2025-05-29 05:51:08,620: INFO: category: Using categorical units to plot a list of strings that are all parsable as floats or dates. If these strings should be plotted as numbers, cast to the appropriate data type before plotting.]
[2025-05-29 05:51:08,672: INFO: category: Using categorical units to plot a list of strings that are all parsable as floats or dates. If these strings should be plotted as numbers, cast to the appropriate data type before plotting.]
[2025-05-29 05:51:09,302: INFO: category: Using categorical units to plot a list of strings that are all parsable as floats or dates. If these strings should be plotted as numbers, cast to the appropriate data type before plotting.]
[2025-05-29 05:51:09,335: INFO: category: Using categorical units to plot a list of strings that are all parsable as floats or dates. If these strings should be plotted as numbers, cast to the appropriate data type before plotting.]
[2025-05-29 05:54:44,010: INFO: category: Using categorical units to plot a list of strings that are all parsable as floats or dates. If these strings should be plotted as numbers, cast to the appropriate data type before plotting.]
[2025-05-29 05:54:44,033: INFO: category: Using categorical units to plot a list of strings that are all parsable as floats or dates. If these strings should be plotted as numbers, cast to the appropriate data type before plotting.]
[2025-05-29 05:54:44,518: INFO: category: Using categorical units to plot a list of strings that are all parsable as floats or dates. If these strings should be plotted as numbers, cast to the appropriate data type before plotting.]
[2025-05-29 05:54:44,536: INFO: category: Using categorical units to plot a list of strings that are all parsable as floats or dates. If these strings should be plotted as numbers, cast to the appropriate data type before plotting.]
[2025-05-29 05:58:56,639: INFO: category: Using categorical units to plot a list of strings that are all parsable as floats or dates. If these strings should be plotted as numbers, cast to the appropriate data type before plotting.]
[2025-05-29 05:58:56,674: INFO: category: Using categorical units to plot a list of strings that are all parsable as floats or dates. If these strings should be plotted as numbers, cast to the appropriate data type before plotting.]
[2025-05-29 05:59:04,617: INFO: category: Using categorical units to plot a list of strings that are all parsable as floats or dates. If these strings should be plotted as numbers, cast to the appropriate data type before plotting.]
[2025-05-29 05:59:04,640: INFO: category: Using categorical units to plot a list of strings that are all parsable as floats or dates. If these strings should be plotted as numbers, cast to the appropriate data type before plotting.]
[2025-05-29 05:59:14,740: INFO: style1_handle_missing_values: Executing Missing Value handling strategy!]
[2025-05-29 05:59:14,743: INFO: style1_handle_missing_values: 
Filling missing values using method=mode]
[2025-05-29 05:59:14,748: WARNING: style1_handle_missing_values: Column 'most_recommended_rtv_program' not found in dataframe]
[2025-05-29 05:59:14,750: WARNING: style1_handle_missing_values: Column 'least_recommended_rtv_program' not found in dataframe]
[2025-05-29 05:59:14,753: INFO: style1_handle_missing_values: Missing Values Filled!]
[2025-05-29 06:08:26,257: INFO: style1_handle_missing_values: Executing Missing Value handling strategy!]
[2025-05-29 06:08:26,262: INFO: style1_handle_missing_values: 
Filling missing values using method=mode]
[2025-05-29 06:08:26,273: INFO: style1_handle_missing_values: Missing Values Filled!]
[2025-05-29 06:15:57,380: INFO: style1_handle_missing_values: Executing Missing Value handling strategy!]
[2025-05-29 06:15:57,389: INFO: style1_handle_missing_values: 
Filling missing values using method=mode]
[2025-05-29 06:15:57,399: INFO: style1_handle_missing_values: Missing Values Filled!]
[2025-05-29 06:18:21,338: INFO: style1_handle_missing_values: Executing Missing Value handling strategy!]
[2025-05-29 06:18:21,342: INFO: style1_handle_missing_values: 
Filling missing values using method=mode]
[2025-05-29 06:18:21,352: INFO: style1_handle_missing_values: Missing Values Filled!]
[2025-05-29 06:18:59,597: INFO: style1_handle_missing_values: Executing Missing Value handling strategy!]
[2025-05-29 06:18:59,599: INFO: style1_handle_missing_values: 
Filling missing values using method=mode]
[2025-05-29 06:18:59,602: INFO: style1_handle_missing_values: Missing Values Filled!]
[2025-05-29 06:22:14,749: INFO: style1_handle_missing_values: Executing Missing Value handling strategy!]
[2025-05-29 06:22:14,749: INFO: style1_handle_missing_values: 
Filling missing values using method=mode]
[2025-05-29 06:22:14,773: INFO: style1_handle_missing_values: Missing Values Filled!]
