[2025-05-27 12:36:01,757: INFO: common: yaml_file: config\config.yaml loaded successfully]
[2025-05-27 12:36:01,798: INFO: common: yaml_file: params.yaml loaded successfully]
[2025-05-27 12:36:01,840: INFO: common: yaml_file: schema.yaml loaded successfully]
[2025-05-27 12:36:01,845: INFO: common: Created directory at: artifacts]
[2025-05-27 12:36:01,850: INFO: common: Created directory at: artifacts/data_ingestion]
[2025-05-28 00:31:36,584: INFO: common: yaml_file: config\config.yaml loaded successfully]
[2025-05-28 00:31:36,642: INFO: common: yaml_file: params.yaml loaded successfully]
[2025-05-28 00:31:36,708: INFO: common: yaml_file: schema.yaml loaded successfully]
[2025-05-28 00:31:36,730: INFO: common: Created directory at: artifacts]
[2025-05-28 00:31:36,735: INFO: common: Created directory at: artifacts/data_validation]
[2025-05-28 00:50:53,445: INFO: common: yaml_file: config\config.yaml loaded successfully]
[2025-05-28 00:50:53,460: INFO: common: yaml_file: params.yaml loaded successfully]
[2025-05-28 00:50:53,484: INFO: common: yaml_file: schema.yaml loaded successfully]
[2025-05-28 00:50:53,493: INFO: common: Created directory at: artifacts]
[2025-05-28 00:50:53,499: INFO: common: Created directory at: artifacts/data_validation]
[2025-05-29 08:08:23,911: INFO: common: yaml_file: config\config.yaml loaded successfully]
[2025-05-29 08:08:23,920: INFO: common: yaml_file: params.yaml loaded successfully]
[2025-05-29 08:08:23,920: INFO: common: yaml_file: selected_schema.yaml loaded successfully]
[2025-05-29 08:08:23,939: INFO: common: Created directory at: artifacts]
[2025-05-29 08:08:23,944: INFO: common: Created directory at: artifacts/data_transformation]
[2025-05-29 08:08:24,010: INFO: 590413929: Created binary classes (median threshold: 2.26)]
[2025-05-29 08:08:24,024: INFO: 590413929: Filled missing values in most_recommend_rtv_program with mode: 1.0]
[2025-05-29 08:08:24,031: INFO: 590413929: Filled missing values in least_recommend_rtv_program with mode: 99.0]
[2025-05-29 08:08:24,034: INFO: 590413929: Filled missing values in most_recommend_rtv_program_reason with mode: It has greatly influenced  our community in improving agricultural skills and other methods of farming,  I highly recommend it to move to other area]
[2025-05-29 08:08:24,034: INFO: 590413929: Filled missing values in least_recommend_rtv_program_reason with mode: All interventions have worked for the people credit goes go the implementation team for the god work done in communities]
[2025-05-29 08:08:24,072: INFO: 590413929: Processed data stored at: artifacts\data_transformation\processed_df.csv\processed_df.csv]
[2025-05-29 08:08:48,769: INFO: common: yaml_file: config\config.yaml loaded successfully]
[2025-05-29 08:08:48,776: INFO: common: yaml_file: params.yaml loaded successfully]
[2025-05-29 08:08:48,786: INFO: common: yaml_file: selected_schema.yaml loaded successfully]
[2025-05-29 08:08:48,791: INFO: common: Created directory at: artifacts]
[2025-05-29 08:08:48,796: INFO: common: Created directory at: artifacts/data_transformation]
[2025-05-29 08:08:48,821: INFO: 590413929: Created binary classes (median threshold: 2.26)]
[2025-05-29 08:08:48,828: INFO: 590413929: Filled missing values in most_recommend_rtv_program with mode: 1.0]
[2025-05-29 08:08:48,836: INFO: 590413929: Filled missing values in least_recommend_rtv_program with mode: 99.0]
[2025-05-29 08:08:48,845: INFO: 590413929: Filled missing values in most_recommend_rtv_program_reason with mode: It has greatly influenced  our community in improving agricultural skills and other methods of farming,  I highly recommend it to move to other area]
[2025-05-29 08:08:48,851: INFO: 590413929: Filled missing values in least_recommend_rtv_program_reason with mode: All interventions have worked for the people credit goes go the implementation team for the god work done in communities]
[2025-05-29 08:08:48,911: INFO: 590413929: Processed data stored at: artifacts\data_transformation\processed_df.csv\processed_df.csv]
[2025-05-29 08:08:56,527: INFO: common: yaml_file: config\config.yaml loaded successfully]
[2025-05-29 08:08:56,542: INFO: common: yaml_file: params.yaml loaded successfully]
[2025-05-29 08:08:56,549: INFO: common: yaml_file: selected_schema.yaml loaded successfully]
[2025-05-29 08:08:56,549: INFO: common: Created directory at: artifacts]
[2025-05-29 08:08:56,565: INFO: common: Created directory at: artifacts/data_transformation]
[2025-05-29 08:08:56,604: INFO: 590413929: Created binary classes (median threshold: 2.26)]
[2025-05-29 08:08:56,612: INFO: 590413929: Filled missing values in most_recommend_rtv_program with mode: 1.0]
[2025-05-29 08:08:56,620: INFO: 590413929: Filled missing values in least_recommend_rtv_program with mode: 99.0]
[2025-05-29 08:08:56,628: INFO: 590413929: Filled missing values in most_recommend_rtv_program_reason with mode: It has greatly influenced  our community in improving agricultural skills and other methods of farming,  I highly recommend it to move to other area]
[2025-05-29 08:08:56,637: INFO: 590413929: Filled missing values in least_recommend_rtv_program_reason with mode: All interventions have worked for the people credit goes go the implementation team for the god work done in communities]
[2025-05-29 08:08:56,668: INFO: 590413929: Processed data stored at: artifacts\data_transformation\processed_df.csv\processed_df.csv]
